0 info it worked if it ends with ok
1 verbose cli [ '/Users/nicknance/.nvm/versions/node/v6.9.1/bin/node',
1 verbose cli   '/Users/nicknance/.nvm/versions/node/v6.9.1/bin/npm',
1 verbose cli   'run',
1 verbose cli   'invalid' ]
2 info using npm@3.10.8
3 info using node@v6.9.1
4 verbose run-script [ 'preinvalid', 'invalid', 'postinvalid' ]
5 info lifecycle graphql-validator-example@1.0.0~preinvalid: graphql-validator-example@1.0.0
6 silly lifecycle graphql-validator-example@1.0.0~preinvalid: no script for preinvalid, continuing
7 info lifecycle graphql-validator-example@1.0.0~invalid: graphql-validator-example@1.0.0
8 verbose lifecycle graphql-validator-example@1.0.0~invalid: unsafe-perm in lifecycle true
9 verbose lifecycle graphql-validator-example@1.0.0~invalid: PATH: /Users/nicknance/.nvm/versions/node/v6.9.1/lib/node_modules/npm/bin/node-gyp-bin:/Users/nicknance/dev/graphql/validator-example/node_modules/.bin:/Users/nicknance/.nvm/versions/node/v6.9.1/bin:/usr/local/bin:/usr/bin:/bin:/usr/sbin:/sbin
10 verbose lifecycle graphql-validator-example@1.0.0~invalid: CWD: /Users/nicknance/dev/graphql/validator-example
11 silly lifecycle graphql-validator-example@1.0.0~invalid: Args: [ '-c',
11 silly lifecycle   'graphql-validator -s \'./example/schema/*.graphql\' \'./example/queries/invalid.graphql\'' ]
12 silly lifecycle graphql-validator-example@1.0.0~invalid: Returned: code: 1  signal: null
13 info lifecycle graphql-validator-example@1.0.0~invalid: Failed to exec invalid script
14 verbose stack Error: graphql-validator-example@1.0.0 invalid: `graphql-validator -s './example/schema/*.graphql' './example/queries/invalid.graphql'`
14 verbose stack Exit status 1
14 verbose stack     at EventEmitter.<anonymous> (/Users/nicknance/.nvm/versions/node/v6.9.1/lib/node_modules/npm/lib/utils/lifecycle.js:255:16)
14 verbose stack     at emitTwo (events.js:106:13)
14 verbose stack     at EventEmitter.emit (events.js:191:7)
14 verbose stack     at ChildProcess.<anonymous> (/Users/nicknance/.nvm/versions/node/v6.9.1/lib/node_modules/npm/lib/utils/spawn.js:40:14)
14 verbose stack     at emitTwo (events.js:106:13)
14 verbose stack     at ChildProcess.emit (events.js:191:7)
14 verbose stack     at maybeClose (internal/child_process.js:877:16)
14 verbose stack     at Process.ChildProcess._handle.onexit (internal/child_process.js:226:5)
15 verbose pkgid graphql-validator-example@1.0.0
16 verbose cwd /Users/nicknance/dev/graphql/validator-example
17 error Darwin 16.1.0
18 error argv "/Users/nicknance/.nvm/versions/node/v6.9.1/bin/node" "/Users/nicknance/.nvm/versions/node/v6.9.1/bin/npm" "run" "invalid"
19 error node v6.9.1
20 error npm  v3.10.8
21 error code ELIFECYCLE
22 error graphql-validator-example@1.0.0 invalid: `graphql-validator -s './example/schema/*.graphql' './example/queries/invalid.graphql'`
22 error Exit status 1
23 error Failed at the graphql-validator-example@1.0.0 invalid script 'graphql-validator -s './example/schema/*.graphql' './example/queries/invalid.graphql''.
23 error Make sure you have the latest version of node.js and npm installed.
23 error If you do, this is most likely a problem with the graphql-validator-example package,
23 error not with npm itself.
23 error Tell the author that this fails on your system:
23 error     graphql-validator -s './example/schema/*.graphql' './example/queries/invalid.graphql'
23 error You can get information on how to open an issue for this project with:
23 error     npm bugs graphql-validator-example
23 error Or if that isn't available, you can get their info via:
23 error     npm owner ls graphql-validator-example
23 error There is likely additional logging output above.
24 verbose exit [ 1, true ]
